<?xml version="1.0" encoding="UTF-8"?>
<testng-results skipped="0" failed="0" ignored="0" total="3" passed="3">
  <reporter-output>
  </reporter-output>
  <suite name="Data Driven Basics" duration-ms="9874" started-at="2020-05-23T07:15:35Z" finished-at="2020-05-23T07:15:45Z">
    <groups>
    </groups>
    <test name="LoginTest" duration-ms="3290" started-at="2020-05-23T07:15:35Z" finished-at="2020-05-23T07:15:39Z">
      <class name="com.selenium.testcases.BankManagerLoginTest">
        <test-method status="PASS" signature="loginAsBankManager()[pri:0, instance:com.selenium.testcases.BankManagerLoginTest@7d4f9aae]" name="loginAsBankManager" duration-ms="3247" started-at="2020-05-23T07:15:35Z" finished-at="2020-05-23T07:15:39Z">
          <reporter-output>
          </reporter-output>
        </test-method> <!-- loginAsBankManager -->
      </class> <!-- com.selenium.testcases.BankManagerLoginTest -->
    </test> <!-- LoginTest -->
    <test name="Add Customer Test" duration-ms="1764" started-at="2020-05-23T07:15:40Z" finished-at="2020-05-23T07:15:42Z">
      <class name="com.selenium.testcases.AddCustomerTest">
        <test-method status="PASS" signature="addCustomer()[pri:0, instance:com.selenium.testcases.AddCustomerTest@537f60bf]" name="addCustomer" duration-ms="1755" started-at="2020-05-23T07:15:40Z" finished-at="2020-05-23T07:15:42Z">
          <reporter-output>
          </reporter-output>
        </test-method> <!-- addCustomer -->
      </class> <!-- com.selenium.testcases.AddCustomerTest -->
    </test> <!-- Add Customer Test -->
    <test name="Open Account Test" duration-ms="2984" started-at="2020-05-23T07:15:42Z" finished-at="2020-05-23T07:15:45Z">
      <class name="com.selenium.testcases.OpenAccount">
        <test-method status="PASS" signature="setUp()[pri:0, instance:com.selenium.testcases.OpenAccount@38cee291]" name="setUp" is-config="true" duration-ms="14693" started-at="2020-05-23T07:15:21Z" finished-at="2020-05-23T07:15:35Z">
          <reporter-output>
          </reporter-output>
        </test-method> <!-- setUp -->
        <test-method status="PASS" signature="openAccountTest()[pri:0, instance:com.selenium.testcases.OpenAccount@38cee291]" name="openAccountTest" duration-ms="2982" started-at="2020-05-23T07:15:42Z" finished-at="2020-05-23T07:15:45Z">
          <reporter-output>
          </reporter-output>
        </test-method> <!-- openAccountTest -->
        <test-method status="PASS" signature="tearDown()[pri:0, instance:com.selenium.testcases.OpenAccount@38cee291]" name="tearDown" is-config="true" duration-ms="1293" started-at="2020-05-23T07:15:45Z" finished-at="2020-05-23T07:15:47Z">
          <reporter-output>
          </reporter-output>
        </test-method> <!-- tearDown -->
      </class> <!-- com.selenium.testcases.OpenAccount -->
    </test> <!-- Open Account Test -->
  </suite> <!-- Data Driven Basics -->
</testng-results>
